**********************************************
	Tue Feb 27 14:53:11 2024
	Device Name: STM32F401xB/C
**********************************************
	>>>>>> Reception Started <<<<<<


	>>>>>> Reception Ended <<<<<<
**********************************************

**********************************************
	Tue Feb 27 14:59:15 2024
	Device Name: STM32F401xB/C
**********************************************
	>>>>>> Reception Started <<<<<<

**********************************************
	Tue Feb 27 15:00:40 2024
	Device Name: STM32F401xB/C
**********************************************
	>>>>>> Reception Started <<<<<<

**********************************************
	Tue Feb 27 15:01:33 2024
	Device Name: STM32F401xB/C
**********************************************
	>>>>>> Reception Started <<<<<<


	>>>>>> Reception Ended <<<<<<
**********************************************

**********************************************
	Wed Feb 28 20:18:38 2024
	Device Name: STM32F401xB/C
**********************************************
	>>>>>> Reception Started <<<<<<

**********************************************
	Wed Feb 28 20:19:04 2024
	Device Name: STM32F401xB/C
**********************************************
	>>>>>> Reception Started <<<<<<

**********************************************
	Wed Feb 28 20:25:01 2024
	Device Name: STM32F401xB/C
**********************************************
	>>>>>> Reception Started <<<<<<


	>>>>>> Reception Ended <<<<<<
**********************************************

**********************************************
	Wed Feb 28 20:26:47 2024
	Device Name: STM32F401xB/C
**********************************************
	>>>>>> Reception Started <<<<<<

**********************************************
	Wed Feb 28 20:28:48 2024
	Device Name: STM32F401xB/C
**********************************************
	>>>>>> Reception Started <<<<<<

**********************************************
	Wed Feb 28 20:39:02 2024
	Device Name: STM32F401xB/C
**********************************************
	>>>>>> Reception Started <<<<<<

**********************************************
	Thu Feb 29 16:54:15 2024
	Device Name: STM32F401xB/C
**********************************************
	>>>>>> Reception Started <<<<<<

**********************************************
	Thu Feb 29 17:10:29 2024
	Device Name: STM32F401xB/C
**********************************************
	>>>>>> Reception Started <<<<<<


	>>>>>> Reception Ended <<<<<<
**********************************************

**********************************************
	Thu Feb 29 17:10:58 2024
	Device Name: STM32F401xB/C
**********************************************
	>>>>>> Reception Started <<<<<<


	>>>>>> Reception Ended <<<<<<
**********************************************

**********************************************
	Thu Feb 29 17:11:17 2024
	Device Name: STM32F401xB/C
**********************************************
	>>>>>> Reception Started <<<<<<


	>>>>>> Reception Ended <<<<<<
**********************************************

**********************************************
	Thu Feb 29 17:11:45 2024
	Device Name: STM32F401xB/C
**********************************************
	>>>>>> Reception Started <<<<<<


	>>>>>> Reception Ended <<<<<<
**********************************************

**********************************************
	Fri Mar 1 12:12:38 2024
	Device Name: STM32F401xB/C
**********************************************
	>>>>>> Reception Started <<<<<<


	>>>>>> Reception Ended <<<<<<
**********************************************

**********************************************
	Mon Mar 18 11:28:05 2024
	Device Name: STM32F401xB/C
**********************************************
	>>>>>> Reception Started <<<<<<


	>>>>>> Reception Ended <<<<<<
**********************************************

**********************************************
	Mon Mar 18 11:37:34 2024
	Device Name: STM32F401xB/C
**********************************************
	>>>>>> Reception Started <<<<<<

**********************************************
	Mon Mar 18 11:38:02 2024
	Device Name: STM32F401xB/C
**********************************************
	>>>>>> Reception Started <<<<<<


	>>>>>> Reception Ended <<<<<<
**********************************************

**********************************************
	Mon Mar 18 11:39:13 2024
	Device Name: STM32F401xB/C
**********************************************
	>>>>>> Reception Started <<<<<<


	>>>>>> Reception Ended <<<<<<
**********************************************

**********************************************
	Mon Mar 18 11:40:03 2024
	Device Name: STM32F401xB/C
**********************************************
	>>>>>> Reception Started <<<<<<


	>>>>>> Reception Ended <<<<<<
**********************************************

**********************************************
	Mon Mar 18 11:40:58 2024
	Device Name: STM32F401xB/C
**********************************************
	>>>>>> Reception Started <<<<<<

**********************************************
	Mon Mar 18 11:41:53 2024
	Device Name: STM32F401xB/C
**********************************************
	>>>>>> Reception Started <<<<<<


	>>>>>> Reception Ended <<<<<<
**********************************************

**********************************************
	Mon Mar 18 11:46:45 2024
	Device Name: STM32F401xB/C
**********************************************
	>>>>>> Reception Started <<<<<<

**********************************************
	Mon Mar 18 11:47:37 2024
	Device Name: STM32F401xB/C
**********************************************
	>>>>>> Reception Started <<<<<<

**********************************************
	Mon Mar 18 11:48:41 2024
	Device Name: STM32F401xB/C
**********************************************
	>>>>>> Reception Started <<<<<<

**********************************************
	Mon Mar 18 11:49:37 2024
	Device Name: STM32F401xB/C
**********************************************
	>>>>>> Reception Started <<<<<<

**********************************************
	Mon Mar 18 11:50:16 2024
	Device Name: STM32F401xB/C
**********************************************
	>>>>>> Reception Started <<<<<<

**********************************************
	Mon Mar 18 11:51:02 2024
	Device Name: STM32F401xB/C
**********************************************
	>>>>>> Reception Started <<<<<<


	>>>>>> Reception Ended <<<<<<
**********************************************

**********************************************
	Mon Mar 18 11:51:41 2024
	Device Name: STM32F401xB/C
**********************************************
	>>>>>> Reception Started <<<<<<


	>>>>>> Reception Ended <<<<<<
**********************************************

**********************************************
	Mon Mar 18 11:52:58 2024
	Device Name: STM32F401xB/C
**********************************************
	>>>>>> Reception Started <<<<<<

**********************************************
	Mon Mar 18 12:00:34 2024
	Device Name: STM32F401xB/C
**********************************************
	>>>>>> Reception Started <<<<<<


	>>>>>> Reception Ended <<<<<<
**********************************************

**********************************************
	Mon Mar 18 12:31:09 2024
	Device Name: STM32F401xB/C
**********************************************
	>>>>>> Reception Started <<<<<<


	>>>>>> Reception Ended <<<<<<
**********************************************

**********************************************
	Mon Mar 18 12:37:44 2024
	Device Name: STM32F401xB/C
**********************************************
	>>>>>> Reception Started <<<<<<


	>>>>>> Reception Ended <<<<<<
**********************************************

**********************************************
	Mon Mar 18 13:19:31 2024
	Device Name: STM32F401xB/C
**********************************************
	>>>>>> Reception Started <<<<<<


	>>>>>> Reception Ended <<<<<<
**********************************************

**********************************************
	Mon Mar 18 13:21:59 2024
	Device Name: STM32F401xB/C
**********************************************
	>>>>>> Reception Started <<<<<<

**********************************************
	Mon Mar 18 13:22:47 2024
	Device Name: STM32F401xB/C
**********************************************
	>>>>>> Reception Started <<<<<<

**********************************************
	Mon Mar 18 13:26:26 2024
	Device Name: STM32F401xB/C
**********************************************
	>>>>>> Reception Started <<<<<<


	>>>>>> Reception Ended <<<<<<
**********************************************

**********************************************
	Mon Mar 18 13:39:41 2024
	Device Name: STM32F401xB/C
**********************************************
	>>>>>> Reception Started <<<<<<


	>>>>>> Reception Ended <<<<<<
**********************************************

**********************************************
	Mon Mar 18 13:45:21 2024
	Device Name: STM32F401xB/C
**********************************************
	>>>>>> Reception Started <<<<<<


	>>>>>> Reception Ended <<<<<<
**********************************************

**********************************************
	Mon Mar 18 13:51:03 2024
	Device Name: STM32F401xB/C
**********************************************
	>>>>>> Reception Started <<<<<<


	>>>>>> Reception Ended <<<<<<
**********************************************

**********************************************
	Tue Mar 19 10:38:25 2024
	Device Name: STM32F401xB/C
**********************************************
	>>>>>> Reception Started <<<<<<

**********************************************
	Tue Mar 19 10:41:03 2024
	Device Name: STM32F401xB/C
**********************************************
	>>>>>> Reception Started <<<<<<


	>>>>>> Reception Ended <<<<<<
**********************************************

**********************************************
	Tue Mar 19 10:42:25 2024
	Device Name: STM32F401xB/C
**********************************************
	>>>>>> Reception Started <<<<<<

**********************************************
	Tue Mar 19 10:44:10 2024
	Device Name: STM32F401xB/C
**********************************************
	>>>>>> Reception Started <<<<<<

**********************************************
	Tue Mar 19 10:45:18 2024
	Device Name: STM32F401xB/C
**********************************************
	>>>>>> Reception Started <<<<<<


	>>>>>> Reception Ended <<<<<<
**********************************************

**********************************************
	Tue Mar 19 10:47:14 2024
	Device Name: STM32F401xB/C
**********************************************
	>>>>>> Reception Started <<<<<<

**********************************************
	Tue Mar 19 10:48:16 2024
	Device Name: STM32F401xB/C
**********************************************
	>>>>>> Reception Started <<<<<<

**********************************************
	Tue Mar 19 10:49:00 2024
	Device Name: STM32F401xB/C
**********************************************
	>>>>>> Reception Started <<<<<<

**********************************************
	Tue Mar 19 10:50:08 2024
	Device Name: STM32F401xB/C
**********************************************
	>>>>>> Reception Started <<<<<<

**********************************************
	Tue Mar 19 10:50:43 2024
	Device Name: STM32F401xB/C
**********************************************
	>>>>>> Reception Started <<<<<<


	>>>>>> Reception Ended <<<<<<
**********************************************

**********************************************
	Tue Mar 19 14:01:44 2024
	Device Name: STM32F401xB/C
**********************************************
	>>>>>> Reception Started <<<<<<

**********************************************
	Tue Mar 19 14:03:12 2024
	Device Name: STM32F401xB/C
**********************************************
	>>>>>> Reception Started <<<<<<


	>>>>>> Reception Ended <<<<<<
**********************************************

**********************************************
	Tue Mar 19 14:31:42 2024
	Device Name: STM32F401xB/C
**********************************************
	>>>>>> Reception Started <<<<<<


	>>>>>> Reception Ended <<<<<<
**********************************************

**********************************************
	Tue Mar 19 14:33:32 2024
	Device Name: STM32F401xB/C
**********************************************
	>>>>>> Reception Started <<<<<<

**********************************************
	Tue Mar 19 14:34:14 2024
	Device Name: STM32F401xB/C
**********************************************
	>>>>>> Reception Started <<<<<<

**********************************************
	Tue Mar 19 14:34:49 2024
	Device Name: STM32F401xB/C
**********************************************
	>>>>>> Reception Started <<<<<<


	>>>>>> Reception Ended <<<<<<
**********************************************

**********************************************
	Tue Mar 19 14:35:25 2024
	Device Name: STM32F401xB/C
**********************************************
	>>>>>> Reception Started <<<<<<

**********************************************
	Tue Mar 19 14:36:39 2024
	Device Name: STM32F401xB/C
**********************************************
	>>>>>> Reception Started <<<<<<

**********************************************
	Tue Mar 19 14:39:27 2024
	Device Name: STM32F401xB/C
**********************************************
	>>>>>> Reception Started <<<<<<

**********************************************
	Tue Mar 19 14:40:20 2024
	Device Name: STM32F401xB/C
**********************************************
	>>>>>> Reception Started <<<<<<

**********************************************
	Tue Mar 19 14:42:47 2024
	Device Name: STM32F401xB/C
**********************************************
	>>>>>> Reception Started <<<<<<

**********************************************
	Tue Mar 19 14:44:14 2024
	Device Name: STM32F401xB/C
**********************************************
	>>>>>> Reception Started <<<<<<

**********************************************
	Tue Mar 19 14:45:23 2024
	Device Name: STM32F401xB/C
**********************************************
	>>>>>> Reception Started <<<<<<

**********************************************
	Tue Mar 19 14:47:20 2024
	Device Name: STM32F401xB/C
**********************************************
	>>>>>> Reception Started <<<<<<


	>>>>>> Reception Ended <<<<<<
**********************************************

